================================================== 
Digits dataset results
# classes: 10; # samples: 1797; # features 64
k-Means (sklearn) {'ARI': 0.6662966457575865, 'AMI': 0.7411102336980783, 'Inertia': 1165142.004618621}
LKMeans (p=2) {'ARI': 0.6184075111316395, 'AMI': 0.717877138924732, 'Inertia': 1268130.1904170164}
LKMeans (p=5) {'ARI': 0.6291137637881197, 'AMI': 0.7233375888249065, 'Inertia': 1400348.0153565751}
LKMeans (p=1) {'ARI': 0.5798761174449195, 'AMI': 0.6846045325762294, 'Inertia': 1301448.0}
LKMeans (p=0.5) {'ARI': 0.5394460334712482, 'AMI': 0.6390206286345386, 'Inertia': 1643159.0}
================================================== 
Wine dataset results
# classes: 3; # samples: 178; # features 13
k-Means (sklearn) {'ARI': 0.37111371823084754, 'AMI': 0.42268666427661183, 'Inertia': 2370689.686782968}
LKMeans (p=2) {'ARI': 0.37111371823084754, 'AMI': 0.42268666427661183, 'Inertia': 2370689.686782968}
LKMeans (p=5) {'ARI': 0.3632108125496039, 'AMI': 0.4289232942981996, 'Inertia': 2768247.085852349}
LKMeans (p=1) {'ARI': 0.37150007821195313, 'AMI': 0.4131380022001548, 'Inertia': 2524183.15896236}
LKMeans (p=0.5) {'ARI': 0.5195417669762782, 'AMI': 0.5226299325469682, 'Inertia': 3194363.2424818003}
================================================== 
Breast Cancer dataset results
# classes: 2; # samples: 569; # features 30
k-Means (sklearn) {'ARI': 0.49142453622455523, 'AMI': 0.46400471284520894, 'Inertia': 77943099.87829882}
LKMeans (p=2) {'ARI': 0.49142453622455523, 'AMI': 0.46400471284520906, 'Inertia': 77943099.87829885}
LKMeans (p=5) {'ARI': 0.13694042175011584, 'AMI': 0.18455065471547885, 'Inertia': 148481036.22719914}
LKMeans (p=1) {'ARI': 0.5286179313096772, 'AMI': 0.4838935962558232, 'Inertia': 81209886.09549862}
LKMeans (p=0.5) {'ARI': 0.550212512867845, 'AMI': 0.5011166684687796, 'Inertia': 83582397.85560821}
================================================== 
MNIST dataset results
# classes: 10; # samples: 60000; # features 784
k-Means (sklearn) {'ARI': 0.3925056400687111, 'AMI': 0.5039975134498519, 'Inertia': 2361084.25}
LKMeans (p=2) {'ARI': 0.36169328161280073, 'AMI': 0.48240590039505576, 'Inertia': 2353263.8967552185}
LKMeans (p=5) {'ARI': 0.3854101565743193, 'AMI': 0.5092066824963917, 'Inertia': 2952344.658634186}
LKMeans (p=1) {'ARI': 0.3234074096794845, 'AMI': 0.4517395154647105, 'Inertia': 2979755.621137619}
LKMeans (p=0.5) {'ARI': 0.22083452720235616, 'AMI': 0.3812995097801941, 'Inertia': 3790131.612769127}
================================================== 
Fashion-MNIST dataset results
# classes: 10; # samples: 60000; # features 784
k-Means (sklearn) {'ARI': 0.3527529433095683, 'AMI': 0.5101975173345012, 'Inertia': 1923341.25}
LKMeans (p=2) {'ARI': 0.33486980606840977, 'AMI': 0.5080490847456404, 'Inertia': 1931981.1895098686}
LKMeans (p=5) {'ARI': 0.35185928234184216, 'AMI': 0.5139811341224093, 'Inertia': 2408240.9340515137}
LKMeans (p=1) {'ARI': 0.35298654773991456, 'AMI': 0.4813262458332345, 'Inertia': 2234645.385881424}
LKMeans (p=0.5) {'ARI': 0.306089873771418, 'AMI': 0.43178207006316327, 'Inertia': 2706587.2064170837}
================================================== 
CIFAR10 dataset results
# classes: 10; # samples: 50000; # features 1024
k-Means (sklearn) {'ARI': 0.02976755493427705, 'AMI': 0.05992061567588226, 'Inertia': 116264624128.0}
LKMeans (p=2) {'ARI': 0.029963590912274327, 'AMI': 0.05894691786628078, 'Inertia': 116205915099.91406}
LKMeans (p=5) {'ARI': 0.029917665172480696, 'AMI': 0.05865969125926566, 'Inertia': 119855171565.40625}